This is pdfTeX, Version 3.1415926-1.40.10 (TeX Live 2009/Debian) (format=pdflatex 2014.1.10)  11 FEB 2014 17:18
entering extended mode
 %&-line parsing enabled.
**Zeitplanung.tex
(./Zeitplanung.tex
LaTeX2e <2009/09/24>
Babel <v3.8l> and hyphenation patterns for english, usenglishmax, dumylang, noh
yphenation, ngerman, german, german-x-2009-06-19, ngerman-x-2009-06-19, loaded.

(/usr/share/texmf-texlive/tex/latex/base/report.cls
Document Class: report 2007/10/19 v1.4h Standard LaTeX document class
(/usr/share/texmf-texlive/tex/latex/base/size12.clo
File: size12.clo 2007/10/19 v1.4h Standard LaTeX file (size option)
)
\c@part=\count79
\c@chapter=\count80
\c@section=\count81
\c@subsection=\count82
\c@subsubsection=\count83
\c@paragraph=\count84
\c@subparagraph=\count85
\c@figure=\count86
\c@table=\count87
\abovecaptionskip=\skip41
\belowcaptionskip=\skip42
\bibindent=\dimen102
)
(/usr/share/texmf-texlive/tex/latex/base/inputenc.sty
Package: inputenc 2008/03/30 v1.1d Input encoding file
\inpenc@prehook=\toks14
\inpenc@posthook=\toks15

(/usr/share/texmf-texlive/tex/latex/base/latin1.def
File: latin1.def 2008/03/30 v1.1d Input encoding file
))
(/usr/share/texmf-texlive/tex/latex/preprint/fullpage.sty
Package: fullpage 1999/02/23 1.1 (PWD)
\FP@margin=\skip43
)
(/usr/share/texmf-texlive/tex/latex/graphics/color.sty
Package: color 2005/11/14 v1.0j Standard LaTeX Color (DPC)

(/etc/texmf/tex/latex/config/color.cfg
File: color.cfg 2007/01/18 v1.5 color configuration of teTeX/TeXLive
)
Package color Info: Driver file: pdftex.def on input line 130.

(/usr/share/texmf-texlive/tex/latex/pdftex-def/pdftex.def
File: pdftex.def 2010/03/12 v0.04p Graphics/color for pdfTeX
\Gread@gobject=\count88
))
(/usr/share/texmf-texlive/tex/latex/tools/array.sty
Package: array 2008/09/09 v2.4c Tabular extension package (FMi)
\col@sep=\dimen103
\extrarowheight=\dimen104
\NC@list=\toks16
\extratabsurround=\skip44
\backup@length=\skip45
)
(/usr/share/texmf-texlive/tex/latex/tools/longtable.sty
Package: longtable 2004/02/01 v4.11 Multi-page Table package (DPC)
\LTleft=\skip46
\LTright=\skip47
\LTpre=\skip48
\LTpost=\skip49
\LTchunksize=\count89
\LTcapwidth=\dimen105
\LT@head=\box26
\LT@firsthead=\box27
\LT@foot=\box28
\LT@lastfoot=\box29
\LT@cols=\count90
\LT@rows=\count91
\c@LT@tables=\count92
\c@LT@chunks=\count93
\LT@p@ftn=\toks17
)
(/usr/share/texmf-texlive/tex/latex/tools/calc.sty
Package: calc 2007/08/22 v4.3 Infix arithmetic (KKT,FJ)
\calc@Acount=\count94
\calc@Bcount=\count95
\calc@Adimen=\dimen106
\calc@Bdimen=\dimen107
\calc@Askip=\skip50
\calc@Bskip=\skip51
LaTeX Info: Redefining \setlength on input line 76.
LaTeX Info: Redefining \addtolength on input line 77.
\calc@Ccount=\count96
\calc@Cskip=\skip52
)
(/usr/share/texmf-texlive/tex/latex/multirow/multirow.sty
\bigstrutjot=\dimen108
)
(/usr/share/texmf-texlive/tex/latex/tools/hhline.sty
Package: hhline 1994/05/23 v2.03 Table rule package (DPC)
)
(/usr/share/texmf-texlive/tex/latex/base/ifthen.sty
Package: ifthen 2001/05/26 v1.1c Standard LaTeX ifthen package (DPC)
) (./Zeitplanung.aux)
\openout1 = `Zeitplanung.aux'.

LaTeX Font Info:    Checking defaults for OML/cmm/m/it on input line 69.
LaTeX Font Info:    ... okay on input line 69.
LaTeX Font Info:    Checking defaults for T1/cmr/m/n on input line 69.
LaTeX Font Info:    ... okay on input line 69.
LaTeX Font Info:    Checking defaults for OT1/cmr/m/n on input line 69.
LaTeX Font Info:    ... okay on input line 69.
LaTeX Font Info:    Checking defaults for OMS/cmsy/m/n on input line 69.
LaTeX Font Info:    ... okay on input line 69.
LaTeX Font Info:    Checking defaults for OMX/cmex/m/n on input line 69.
LaTeX Font Info:    ... okay on input line 69.
LaTeX Font Info:    Checking defaults for U/cmr/m/n on input line 69.
LaTeX Font Info:    ... okay on input line 69.

(/usr/share/texmf-texlive/tex/context/base/supp-pdf.mkii
[Loading MPS to PDF converter (version 2006.09.02).]
\scratchcounter=\count97
\scratchdimen=\dimen109
\scratchbox=\box30
\nofMPsegments=\count98
\nofMParguments=\count99
\everyMPshowfont=\toks18
\MPscratchCnt=\count100
\MPscratchDim=\dimen110
\MPnumerator=\count101
\everyMPtoPDFconversion=\toks19
)
\gnumericTableWidth=\skip53
\gnumericTableWidthComplete=\skip54
\gnumericMultiRowLength=\skip55
\gnumericColA=\skip56
LaTeX Font Info:    External font `cmex10' loaded for size
(Font)              <12> on input line 171.
LaTeX Font Info:    External font `cmex10' loaded for size
(Font)              <8> on input line 171.
LaTeX Font Info:    External font `cmex10' loaded for size
(Font)              <6> on input line 171.
\gnumericColB=\skip57
\gnumericColC=\skip58

Overfull \hbox (0.82109pt too wide) in paragraph at lines 173--173
[]|\OT1/cmr/m/n/12 x| 
 []

\gnumericColD=\skip59

Overfull \hbox (0.82109pt too wide) in paragraph at lines 174--174
[]|\OT1/cmr/m/n/12 x| 
 []

\gnumericColE=\skip60

Overfull \hbox (0.82109pt too wide) in paragraph at lines 175--175
[]|\OT1/cmr/m/n/12 x| 
 []

\gnumericColF=\skip61

Overfull \hbox (0.82109pt too wide) in paragraph at lines 176--176
[]|\OT1/cmr/m/n/12 x| 
 []

\gnumericColG=\skip62

Overfull \hbox (0.82109pt too wide) in paragraph at lines 177--177
[]|\OT1/cmr/m/n/12 x| 
 []

\gnumericColH=\skip63

Overfull \hbox (0.82109pt too wide) in paragraph at lines 178--178
[]|\OT1/cmr/m/n/12 x| 
 []

\gnumericColI=\skip64

Overfull \hbox (0.82109pt too wide) in paragraph at lines 179--179
[]|\OT1/cmr/m/n/12 x| 
 []

\gnumericColJ=\skip65

Overfull \hbox (0.82109pt too wide) in paragraph at lines 180--180
[]|\OT1/cmr/m/n/12 x| 
 []

\gnumericColK=\skip66

Overfull \hbox (0.82109pt too wide) in paragraph at lines 181--181
[]|\OT1/cmr/m/n/12 x| 
 []

\gnumericColL=\skip67

Overfull \hbox (0.82109pt too wide) in paragraph at lines 182--182
[]|\OT1/cmr/m/n/12 x| 
 []

\gnumericColM=\skip68

Overfull \hbox (0.82109pt too wide) in paragraph at lines 183--183
[]|\OT1/cmr/m/n/12 x| 
 []

\gnumericColN=\skip69

Overfull \hbox (0.82109pt too wide) in paragraph at lines 184--184
[]|\OT1/cmr/m/n/12 x| 
 []

\gnumericColO=\skip70

Overfull \hbox (0.82109pt too wide) in paragraph at lines 185--185
[]|\OT1/cmr/m/n/12 x| 
 []

\gnumericColP=\skip71

Overfull \hbox (0.82109pt too wide) in paragraph at lines 186--186
[]|\OT1/cmr/m/n/12 x| 
 []

\gnumericColQ=\skip72

Overfull \hbox (0.82109pt too wide) in paragraph at lines 187--187
[]|\OT1/cmr/m/n/12 x| 
 []

\gnumericColR=\skip73

Overfull \hbox (0.82109pt too wide) in paragraph at lines 188--188
[]|\OT1/cmr/m/n/12 x| 
 []

\gnumericColS=\skip74

Overfull \hbox (0.82109pt too wide) in paragraph at lines 189--189
[]|\OT1/cmr/m/n/12 x| 
 []

\gnumericColT=\skip75

Overfull \hbox (0.82109pt too wide) in paragraph at lines 190--190
[]|\OT1/cmr/m/n/12 x| 
 []

\gnumericColU=\skip76

Overfull \hbox (0.82109pt too wide) in paragraph at lines 191--191
[]|\OT1/cmr/m/n/12 x| 
 []

\gnumericColV=\skip77

Overfull \hbox (0.82109pt too wide) in paragraph at lines 192--192
[]|\OT1/cmr/m/n/12 x| 
 []

\gnumericColW=\skip78

Overfull \hbox (1.78677pt too wide) in paragraph at lines 193--193
[]|\OT1/cmr/m/n/12 x| 
 []

\gnumericColX=\skip79
\gnumericColY=\skip80

Underfull \vbox (badness 10000) detected at line 1322
 []

[1

{/var/lib/texmf/fonts/map/pdftex/updmap/pdftex.map}] (./Zeitplanung.aux) ) 
Here is how much of TeX's memory you used:
 1158 strings out of 495021
 14651 string characters out of 1181035
 198674 words of memory out of 3000000
 4379 multiletter control sequences out of 15000+50000
 7389 words of font info for 26 fonts, out of 3000000 for 9000
 28 hyphenation exceptions out of 8191
 22i,10n,29p,191b,227s stack positions out of 5000i,500n,10000p,200000b,50000s
</usr
/share/texmf-texlive/fonts/type1/public/amsfonts/cm/cmbx12.pfb></usr/share/texm
f-texlive/fonts/type1/public/amsfonts/cm/cmbxti10.pfb></usr/share/texmf-texlive
/fonts/type1/public/amsfonts/cm/cmr12.pfb></usr/share/texmf-texlive/fonts/type1
/public/amsfonts/cm/cmti12.pfb>
Output written on Zeitplanung.pdf (1 page, 61570 bytes).
PDF statistics:
 22 PDF objects out of 1000 (max. 8388607)
 0 named destinations out of 1000 (max. 500000)
 1 words of extra memory for PDF output out of 10000 (max. 10000000)

