\BOOKMARK [1][-]{section.0.1}{Dokumentinformationen}{}% 1
\BOOKMARK [2][-]{subsection.0.1.1}{\304nderungskontrolle, Pr\374fung, Genehmigung}{section.0.1}% 2
\BOOKMARK [2][-]{subsection.0.1.2}{Referenzierte Dokumente}{section.0.1}% 3
\BOOKMARK [2][-]{subsection.0.1.3}{Verwendete Abk\374rzungen}{section.0.1}% 4
\BOOKMARK [-1][-]{part.1}{I Ablauf und Umfeld}{}% 5
\BOOKMARK [0][-]{chapter.1}{Aufgabenstellung}{part.1}% 6
\BOOKMARK [1][-]{section.1.1}{Ausgangslage}{chapter.1}% 7
\BOOKMARK [1][-]{section.1.2}{Auftragsformulierung}{chapter.1}% 8
\BOOKMARK [1][-]{section.1.3}{Mittel und Methoden}{chapter.1}% 9
\BOOKMARK [1][-]{section.1.4}{Projektorganisation}{chapter.1}% 10
\BOOKMARK [1][-]{section.1.5}{Projektrollen}{chapter.1}% 11
\BOOKMARK [0][-]{chapter.2}{Vorkenntnisse}{part.1}% 12
\BOOKMARK [0][-]{chapter.3}{Vorarbeiten}{part.1}% 13
\BOOKMARK [0][-]{chapter.4}{Firmenstandards}{part.1}% 14
\BOOKMARK [1][-]{section.4.1}{Bootstrapping}{chapter.4}% 15
\BOOKMARK [1][-]{section.4.2}{IP-Adressen}{chapter.4}% 16
\BOOKMARK [0][-]{chapter.5}{Organisation der IPA}{part.1}% 17
\BOOKMARK [1][-]{section.5.1}{Versionierung}{chapter.5}% 18
\BOOKMARK [1][-]{section.5.2}{Backup}{chapter.5}% 19
\BOOKMARK [0][-]{chapter.6}{Zeitplan}{part.1}% 20
\BOOKMARK [0][-]{chapter.7}{Arbeitsjournal}{part.1}% 21
\BOOKMARK [1][-]{section.7.1}{Erster Tag: Dienstag 11. Februar 2014}{chapter.7}% 22
\BOOKMARK [1][-]{section.7.2}{Erster Tag: Dienstag 11. Februar 2014}{chapter.7}% 23
\BOOKMARK [1][-]{section.7.3}{Erster Tag: Dienstag 11. Februar 2014}{chapter.7}% 24
\BOOKMARK [1][-]{section.7.4}{Erster Tag: Dienstag 11. Februar 2014}{chapter.7}% 25
\BOOKMARK [1][-]{section.7.5}{Erster Tag: Dienstag 11. Februar 2014}{chapter.7}% 26
\BOOKMARK [1][-]{section.7.6}{Erster Tag: Dienstag 11. Februar 2014}{chapter.7}% 27
\BOOKMARK [1][-]{section.7.7}{Erster Tag: Dienstag 11. Februar 2014}{chapter.7}% 28
\BOOKMARK [1][-]{section.7.8}{Erster Tag: Dienstag 11. Februar 2014}{chapter.7}% 29
\BOOKMARK [1][-]{section.7.9}{Erster Tag: Dienstag 11. Februar 2014}{chapter.7}% 30
\BOOKMARK [1][-]{section.7.10}{Erster Tag: Dienstag 11. Februar 2014}{chapter.7}% 31
\BOOKMARK [0][-]{chapter.8}{Abschlussbericht}{part.1}% 32
\BOOKMARK [1][-]{section.8.1}{Vergleich Ist/Soll}{chapter.8}% 33
\BOOKMARK [1][-]{section.8.2}{Realisierungsbericht}{chapter.8}% 34
\BOOKMARK [1][-]{section.8.3}{Testbericht}{chapter.8}% 35
\BOOKMARK [1][-]{section.8.4}{Fazit zum Projekt}{chapter.8}% 36
\BOOKMARK [1][-]{section.8.5}{Pers\366nliches Fazit}{chapter.8}% 37
\BOOKMARK [0][-]{chapter.9}{Unterschriften Teil I}{part.1}% 38
\BOOKMARK [-1][-]{part.2}{II Projektdokumentation}{}% 39
\BOOKMARK [0][-]{chapter.10}{Projektumriss}{part.2}% 40
\BOOKMARK [1][-]{section.10.1}{Projektmethode}{chapter.10}% 41
\BOOKMARK [1][-]{section.10.2}{Projektsprache}{chapter.10}% 42
\BOOKMARK [1][-]{section.10.3}{Vorgehensweise}{chapter.10}% 43
\BOOKMARK [1][-]{section.10.4}{Verwendete Mittel}{chapter.10}% 44
\BOOKMARK [1][-]{section.10.5}{System \334bersicht}{chapter.10}% 45
\BOOKMARK [1][-]{section.10.6}{Netzwerk und Dienste}{chapter.10}% 46
\BOOKMARK [1][-]{section.10.7}{Filesystem}{chapter.10}% 47
\BOOKMARK [2][-]{subsection.10.7.1}{\334berlegungen}{section.10.7}% 48
\BOOKMARK [0][-]{chapter.11}{Step-By-Step Anleitung}{part.2}% 49
\BOOKMARK [1][-]{section.11.1}{Einleitung}{chapter.11}% 50
\BOOKMARK [2][-]{subsection.11.1.1}{Ziel dieser Anleitung}{section.11.1}% 51
\BOOKMARK [2][-]{subsection.11.1.2}{Voraussetzungen}{section.11.1}% 52
\BOOKMARK [1][-]{section.11.2}{Software 1}{chapter.11}% 53
\BOOKMARK [2][-]{subsection.11.2.1}{Installation}{section.11.2}% 54
\BOOKMARK [2][-]{subsection.11.2.2}{Konfiguration}{section.11.2}% 55
\BOOKMARK [1][-]{section.11.3}{KVM Maschine definieren}{chapter.11}% 56
\BOOKMARK [1][-]{section.11.4}{Software 2}{chapter.11}% 57
\BOOKMARK [2][-]{subsection.11.4.1}{Installation}{section.11.4}% 58
\BOOKMARK [2][-]{subsection.11.4.2}{Konfiguration}{section.11.4}% 59
\BOOKMARK [1][-]{section.11.5}{Testen}{chapter.11}% 60
\BOOKMARK [0][-]{chapter.12}{Tests}{part.2}% 61
\BOOKMARK [1][-]{section.12.1}{Rahmenbedingungen f\374r das Testing}{chapter.12}% 62
\BOOKMARK [1][-]{section.12.2}{Testszenario}{chapter.12}% 63
\BOOKMARK [2][-]{subsection.12.2.1}{Test 1}{section.12.2}% 64
\BOOKMARK [2][-]{subsection.12.2.2}{Test 2}{section.12.2}% 65
\BOOKMARK [2][-]{subsection.12.2.3}{Diverse kleinere Tests}{section.12.2}% 66
\BOOKMARK [1][-]{section.12.3}{\334berlegungen}{chapter.12}% 67
\BOOKMARK [0][-]{chapter.13}{Unterschriften Teil II}{part.2}% 68
\BOOKMARK [-1][-]{part.3}{III Anhang}{}% 69
\BOOKMARK [0][-]{section.13.1}{Glossar}{part.3}% 70
\BOOKMARK [1][-]{section.13.2}{Verwendete Dateien}{section.13.1}% 71
